2026-03-13 11:57:20,083 [Worker-2: Loading available Gradle versions] INFO  o.e.b.c.i.u.g.PublishedGradleVersions - Gradle version information cache is not available. Remote download required.
2026-03-13 11:57:53,842 [ModalContext] INFO  o.e.m.c.i.e.AbstractTransferListenerAdapter - Downloading https://repo.maven.apache.org/maven2/org/apache/maven/archetypes/maven-archetype-quickstart/1.1/maven-archetype-quickstart-1.1.pom
2026-03-13 11:57:53,904 [ModalContext] INFO  o.e.m.c.i.e.AbstractTransferListenerAdapter - Downloaded https://repo.maven.apache.org/maven2/org/apache/maven/archetypes/maven-archetype-quickstart/1.1/maven-archetype-quickstart-1.1.pom
2026-03-13 11:57:54,008 [ModalContext] INFO  o.e.m.c.i.e.AbstractTransferListenerAdapter - Downloading https://repo.maven.apache.org/maven2/org/apache/maven/archetypes/maven-archetype-bundles/4/maven-archetype-bundles-4.pom
2026-03-13 11:57:54,411 [ModalContext] INFO  o.e.m.c.i.e.AbstractTransferListenerAdapter - Downloaded https://repo.maven.apache.org/maven2/org/apache/maven/archetypes/maven-archetype-bundles/4/maven-archetype-bundles-4.pom
2026-03-13 11:57:54,477 [ModalContext] INFO  o.e.m.c.i.e.AbstractTransferListenerAdapter - Downloading https://repo.maven.apache.org/maven2/org/apache/maven/archetype/maven-archetype/2.0-alpha-5/maven-archetype-2.0-alpha-5.pom
2026-03-13 11:57:54,880 [ModalContext] INFO  o.e.m.c.i.e.AbstractTransferListenerAdapter - Downloaded https://repo.maven.apache.org/maven2/org/apache/maven/archetype/maven-archetype/2.0-alpha-5/maven-archetype-2.0-alpha-5.pom
2026-03-13 11:57:54,939 [ModalContext] INFO  o.e.m.c.i.e.AbstractTransferListenerAdapter - Downloading https://repo.maven.apache.org/maven2/org/apache/maven/maven-parent/16/maven-parent-16.pom
2026-03-13 11:57:55,024 [ModalContext] INFO  o.e.m.c.i.e.AbstractTransferListenerAdapter - Downloaded https://repo.maven.apache.org/maven2/org/apache/maven/maven-parent/16/maven-parent-16.pom
2026-03-13 11:57:55,232 [ModalContext] INFO  o.e.m.c.i.e.AbstractTransferListenerAdapter - Downloading https://repo.maven.apache.org/maven2/org/apache/maven/archetypes/maven-archetype-quickstart/1.1/maven-archetype-quickstart-1.1.jar
2026-03-13 11:57:55,249 [ModalContext] INFO  o.e.m.c.i.e.AbstractTransferListenerAdapter - Downloaded https://repo.maven.apache.org/maven2/org/apache/maven/archetypes/maven-archetype-quickstart/1.1/maven-archetype-quickstart-1.1.jar
2026-03-13 11:59:00,621 [Worker-13: Launching mavenrun-3f4da2b0-b4ff-452b-9121-7b486bc2ea22] INFO  o.eclipse.m2e.core.internal.Bundles - getClasspathEntries(Bundle=org.eclipse.m2e.maven.runtime_3.9.900.20250220-2013 [362])
2026-03-13 11:59:00,632 [Worker-13: Launching mavenrun-3f4da2b0-b4ff-452b-9121-7b486bc2ea22] INFO  o.eclipse.m2e.core.internal.Bundles - 	Entry: /Applications/SpringToolsForEclipse.app/Contents/Eclipse/plugins/org.eclipse.m2e.maven.runtime_3.9.900.20250220-2013
2026-03-13 11:59:00,634 [Worker-13: Launching mavenrun-3f4da2b0-b4ff-452b-9121-7b486bc2ea22] INFO  o.eclipse.m2e.core.internal.Bundles - 	Entry: /Applications/SpringToolsForEclipse.app/Contents/Eclipse/plugins/org.eclipse.m2e.maven.runtime_3.9.900.20250220-2013/jars/aopalliance-1.0.jar
2026-03-13 11:59:00,636 [Worker-13: Launching mavenrun-3f4da2b0-b4ff-452b-9121-7b486bc2ea22] INFO  o.eclipse.m2e.core.internal.Bundles - 	Entry: /Applications/SpringToolsForEclipse.app/Contents/Eclipse/plugins/org.eclipse.m2e.maven.runtime_3.9.900.20250220-2013/jars/guice-5.1.0.jar
2026-03-13 11:59:00,636 [Worker-13: Launching mavenrun-3f4da2b0-b4ff-452b-9121-7b486bc2ea22] INFO  o.eclipse.m2e.core.internal.Bundles - 	Entry: /Applications/SpringToolsForEclipse.app/Contents/Eclipse/plugins/org.eclipse.m2e.maven.runtime_3.9.900.20250220-2013/jars/httpclient-4.5.14.jar
2026-03-13 11:59:00,636 [Worker-13: Launching mavenrun-3f4da2b0-b4ff-452b-9121-7b486bc2ea22] INFO  o.eclipse.m2e.core.internal.Bundles - 	Entry: /Applications/SpringToolsForEclipse.app/Contents/Eclipse/plugins/org.eclipse.m2e.maven.runtime_3.9.900.20250220-2013/jars/httpcore-4.4.16.jar
2026-03-13 11:59:00,637 [Worker-13: Launching mavenrun-3f4da2b0-b4ff-452b-9121-7b486bc2ea22] INFO  o.eclipse.m2e.core.internal.Bundles - 	Entry: /Applications/SpringToolsForEclipse.app/Contents/Eclipse/plugins/org.eclipse.m2e.maven.runtime_3.9.900.20250220-2013/jars/jansi-2.4.1.jar
2026-03-13 11:59:00,637 [Worker-13: Launching mavenrun-3f4da2b0-b4ff-452b-9121-7b486bc2ea22] INFO  o.eclipse.m2e.core.internal.Bundles - 	Entry: /Applications/SpringToolsForEclipse.app/Contents/Eclipse/plugins/org.eclipse.m2e.maven.runtime_3.9.900.20250220-2013/jars/jcl-over-slf4j-1.7.36.jar
2026-03-13 11:59:00,637 [Worker-13: Launching mavenrun-3f4da2b0-b4ff-452b-9121-7b486bc2ea22] INFO  o.eclipse.m2e.core.internal.Bundles - 	Entry: /Applications/SpringToolsForEclipse.app/Contents/Eclipse/plugins/org.eclipse.m2e.maven.runtime_3.9.900.20250220-2013/jars/maven-artifact-3.9.9.jar
2026-03-13 11:59:00,637 [Worker-13: Launching mavenrun-3f4da2b0-b4ff-452b-9121-7b486bc2ea22] INFO  o.eclipse.m2e.core.internal.Bundles - 	Entry: /Applications/SpringToolsForEclipse.app/Contents/Eclipse/plugins/org.eclipse.m2e.maven.runtime_3.9.900.20250220-2013/jars/maven-builder-support-3.9.9.jar
2026-03-13 11:59:00,637 [Worker-13: Launching mavenrun-3f4da2b0-b4ff-452b-9121-7b486bc2ea22] INFO  o.eclipse.m2e.core.internal.Bundles - 	Entry: /Applications/SpringToolsForEclipse.app/Contents/Eclipse/plugins/org.eclipse.m2e.maven.runtime_3.9.900.20250220-2013/jars/maven-compat-3.9.9.jar
2026-03-13 11:59:00,637 [Worker-13: Launching mavenrun-3f4da2b0-b4ff-452b-9121-7b486bc2ea22] INFO  o.eclipse.m2e.core.internal.Bundles - 	Entry: /Applications/SpringToolsForEclipse.app/Contents/Eclipse/plugins/org.eclipse.m2e.maven.runtime_3.9.900.20250220-2013/jars/maven-core-3.9.9.jar
2026-03-13 11:59:00,637 [Worker-13: Launching mavenrun-3f4da2b0-b4ff-452b-9121-7b486bc2ea22] INFO  o.eclipse.m2e.core.internal.Bundles - 	Entry: /Applications/SpringToolsForEclipse.app/Contents/Eclipse/plugins/org.eclipse.m2e.maven.runtime_3.9.900.20250220-2013/jars/maven-embedder-3.9.9.jar
2026-03-13 11:59:00,637 [Worker-13: Launching mavenrun-3f4da2b0-b4ff-452b-9121-7b486bc2ea22] INFO  o.eclipse.m2e.core.internal.Bundles - 	Entry: /Applications/SpringToolsForEclipse.app/Contents/Eclipse/plugins/org.eclipse.m2e.maven.runtime_3.9.900.20250220-2013/jars/maven-model-3.9.9.jar
2026-03-13 11:59:00,637 [Worker-13: Launching mavenrun-3f4da2b0-b4ff-452b-9121-7b486bc2ea22] INFO  o.eclipse.m2e.core.internal.Bundles - 	Entry: /Applications/SpringToolsForEclipse.app/Contents/Eclipse/plugins/org.eclipse.m2e.maven.runtime_3.9.900.20250220-2013/jars/maven-model-builder-3.9.9.jar
2026-03-13 11:59:00,638 [Worker-13: Launching mavenrun-3f4da2b0-b4ff-452b-9121-7b486bc2ea22] INFO  o.eclipse.m2e.core.internal.Bundles - 	Entry: /Applications/SpringToolsForEclipse.app/Contents/Eclipse/plugins/org.eclipse.m2e.maven.runtime_3.9.900.20250220-2013/jars/maven-plugin-api-3.9.9.jar
2026-03-13 11:59:00,639 [Worker-13: Launching mavenrun-3f4da2b0-b4ff-452b-9121-7b486bc2ea22] INFO  o.eclipse.m2e.core.internal.Bundles - 	Entry: /Applications/SpringToolsForEclipse.app/Contents/Eclipse/plugins/org.eclipse.m2e.maven.runtime_3.9.900.20250220-2013/jars/maven-repository-metadata-3.9.9.jar
2026-03-13 11:59:00,639 [Worker-13: Launching mavenrun-3f4da2b0-b4ff-452b-9121-7b486bc2ea22] INFO  o.eclipse.m2e.core.internal.Bundles - 	Entry: /Applications/SpringToolsForEclipse.app/Contents/Eclipse/plugins/org.eclipse.m2e.maven.runtime_3.9.900.20250220-2013/jars/maven-resolver-api-1.9.22.jar
2026-03-13 11:59:00,640 [Worker-13: Launching mavenrun-3f4da2b0-b4ff-452b-9121-7b486bc2ea22] INFO  o.eclipse.m2e.core.internal.Bundles - 	Entry: /Applications/SpringToolsForEclipse.app/Contents/Eclipse/plugins/org.eclipse.m2e.maven.runtime_3.9.900.20250220-2013/jars/maven-resolver-connector-basic-1.9.22.jar
2026-03-13 11:59:00,640 [Worker-13: Launching mavenrun-3f4da2b0-b4ff-452b-9121-7b486bc2ea22] INFO  o.eclipse.m2e.core.internal.Bundles - 	Entry: /Applications/SpringToolsForEclipse.app/Contents/Eclipse/plugins/org.eclipse.m2e.maven.runtime_3.9.900.20250220-2013/jars/maven-resolver-impl-1.9.22.jar
2026-03-13 11:59:00,640 [Worker-13: Launching mavenrun-3f4da2b0-b4ff-452b-9121-7b486bc2ea22] INFO  o.eclipse.m2e.core.internal.Bundles - 	Entry: /Applications/SpringToolsForEclipse.app/Contents/Eclipse/plugins/org.eclipse.m2e.maven.runtime_3.9.900.20250220-2013/jars/maven-resolver-named-locks-1.9.22.jar
2026-03-13 11:59:00,640 [Worker-13: Launching mavenrun-3f4da2b0-b4ff-452b-9121-7b486bc2ea22] INFO  o.eclipse.m2e.core.internal.Bundles - 	Entry: /Applications/SpringToolsForEclipse.app/Contents/Eclipse/plugins/org.eclipse.m2e.maven.runtime_3.9.900.20250220-2013/jars/maven-resolver-provider-3.9.9.jar
2026-03-13 11:59:00,640 [Worker-13: Launching mavenrun-3f4da2b0-b4ff-452b-9121-7b486bc2ea22] INFO  o.eclipse.m2e.core.internal.Bundles - 	Entry: /Applications/SpringToolsForEclipse.app/Contents/Eclipse/plugins/org.eclipse.m2e.maven.runtime_3.9.900.20250220-2013/jars/maven-resolver-spi-1.9.22.jar
2026-03-13 11:59:00,640 [Worker-13: Launching mavenrun-3f4da2b0-b4ff-452b-9121-7b486bc2ea22] INFO  o.eclipse.m2e.core.internal.Bundles - 	Entry: /Applications/SpringToolsForEclipse.app/Contents/Eclipse/plugins/org.eclipse.m2e.maven.runtime_3.9.900.20250220-2013/jars/maven-resolver-transport-file-1.9.22.jar
2026-03-13 11:59:00,640 [Worker-13: Launching mavenrun-3f4da2b0-b4ff-452b-9121-7b486bc2ea22] INFO  o.eclipse.m2e.core.internal.Bundles - 	Entry: /Applications/SpringToolsForEclipse.app/Contents/Eclipse/plugins/org.eclipse.m2e.maven.runtime_3.9.900.20250220-2013/jars/maven-resolver-transport-http-1.9.22.jar
2026-03-13 11:59:00,640 [Worker-13: Launching mavenrun-3f4da2b0-b4ff-452b-9121-7b486bc2ea22] INFO  o.eclipse.m2e.core.internal.Bundles - 	Entry: /Applications/SpringToolsForEclipse.app/Contents/Eclipse/plugins/org.eclipse.m2e.maven.runtime_3.9.900.20250220-2013/jars/maven-resolver-transport-wagon-1.9.22.jar
2026-03-13 11:59:00,642 [Worker-13: Launching mavenrun-3f4da2b0-b4ff-452b-9121-7b486bc2ea22] INFO  o.eclipse.m2e.core.internal.Bundles - 	Entry: /Applications/SpringToolsForEclipse.app/Contents/Eclipse/plugins/org.eclipse.m2e.maven.runtime_3.9.900.20250220-2013/jars/maven-resolver-util-1.9.22.jar
2026-03-13 11:59:00,648 [Worker-13: Launching mavenrun-3f4da2b0-b4ff-452b-9121-7b486bc2ea22] INFO  o.eclipse.m2e.core.internal.Bundles - 	Entry: /Applications/SpringToolsForEclipse.app/Contents/Eclipse/plugins/org.eclipse.m2e.maven.runtime_3.9.900.20250220-2013/jars/maven-settings-3.9.9.jar
2026-03-13 11:59:00,648 [Worker-13: Launching mavenrun-3f4da2b0-b4ff-452b-9121-7b486bc2ea22] INFO  o.eclipse.m2e.core.internal.Bundles - 	Entry: /Applications/SpringToolsForEclipse.app/Contents/Eclipse/plugins/org.eclipse.m2e.maven.runtime_3.9.900.20250220-2013/jars/maven-settings-builder-3.9.9.jar
2026-03-13 11:59:00,648 [Worker-13: Launching mavenrun-3f4da2b0-b4ff-452b-9121-7b486bc2ea22] INFO  o.eclipse.m2e.core.internal.Bundles - 	Entry: /Applications/SpringToolsForEclipse.app/Contents/Eclipse/plugins/org.eclipse.m2e.maven.runtime_3.9.900.20250220-2013/jars/maven-shared-utils-3.4.2.jar
2026-03-13 11:59:00,648 [Worker-13: Launching mavenrun-3f4da2b0-b4ff-452b-9121-7b486bc2ea22] INFO  o.eclipse.m2e.core.internal.Bundles - 	Entry: /Applications/SpringToolsForEclipse.app/Contents/Eclipse/plugins/org.eclipse.m2e.maven.runtime_3.9.900.20250220-2013/jars/org.eclipse.sisu.inject-0.9.0.M3.jar
2026-03-13 11:59:00,648 [Worker-13: Launching mavenrun-3f4da2b0-b4ff-452b-9121-7b486bc2ea22] INFO  o.eclipse.m2e.core.internal.Bundles - 	Entry: /Applications/SpringToolsForEclipse.app/Contents/Eclipse/plugins/org.eclipse.m2e.maven.runtime_3.9.900.20250220-2013/jars/org.eclipse.sisu.plexus-0.9.0.M3.jar
2026-03-13 11:59:00,648 [Worker-13: Launching mavenrun-3f4da2b0-b4ff-452b-9121-7b486bc2ea22] INFO  o.eclipse.m2e.core.internal.Bundles - 	Entry: /Applications/SpringToolsForEclipse.app/Contents/Eclipse/plugins/org.eclipse.m2e.maven.runtime_3.9.900.20250220-2013/jars/plexus-build-api-0.0.7.jar
2026-03-13 11:59:00,648 [Worker-13: Launching mavenrun-3f4da2b0-b4ff-452b-9121-7b486bc2ea22] INFO  o.eclipse.m2e.core.internal.Bundles - 	Entry: /Applications/SpringToolsForEclipse.app/Contents/Eclipse/plugins/org.eclipse.m2e.maven.runtime_3.9.900.20250220-2013/jars/plexus-build-api-1.2.0.jar
2026-03-13 11:59:00,649 [Worker-13: Launching mavenrun-3f4da2b0-b4ff-452b-9121-7b486bc2ea22] INFO  o.eclipse.m2e.core.internal.Bundles - 	Entry: /Applications/SpringToolsForEclipse.app/Contents/Eclipse/plugins/org.eclipse.m2e.maven.runtime_3.9.900.20250220-2013/jars/plexus-cipher-2.0.jar
2026-03-13 11:59:00,651 [Worker-13: Launching mavenrun-3f4da2b0-b4ff-452b-9121-7b486bc2ea22] INFO  o.eclipse.m2e.core.internal.Bundles - 	Entry: /Applications/SpringToolsForEclipse.app/Contents/Eclipse/plugins/org.eclipse.m2e.maven.runtime_3.9.900.20250220-2013/jars/plexus-classworlds-2.8.0.jar
2026-03-13 11:59:00,652 [Worker-13: Launching mavenrun-3f4da2b0-b4ff-452b-9121-7b486bc2ea22] INFO  o.eclipse.m2e.core.internal.Bundles - 	Entry: /Applications/SpringToolsForEclipse.app/Contents/Eclipse/plugins/org.eclipse.m2e.maven.runtime_3.9.900.20250220-2013/jars/plexus-component-annotations-2.1.0.jar
2026-03-13 11:59:00,652 [Worker-13: Launching mavenrun-3f4da2b0-b4ff-452b-9121-7b486bc2ea22] INFO  o.eclipse.m2e.core.internal.Bundles - 	Entry: /Applications/SpringToolsForEclipse.app/Contents/Eclipse/plugins/org.eclipse.m2e.maven.runtime_3.9.900.20250220-2013/jars/plexus-interpolation-1.27.jar
2026-03-13 11:59:00,652 [Worker-13: Launching mavenrun-3f4da2b0-b4ff-452b-9121-7b486bc2ea22] INFO  o.eclipse.m2e.core.internal.Bundles - 	Entry: /Applications/SpringToolsForEclipse.app/Contents/Eclipse/plugins/org.eclipse.m2e.maven.runtime_3.9.900.20250220-2013/jars/plexus-sec-dispatcher-2.0.jar
2026-03-13 11:59:00,652 [Worker-13: Launching mavenrun-3f4da2b0-b4ff-452b-9121-7b486bc2ea22] INFO  o.eclipse.m2e.core.internal.Bundles - 	Entry: /Applications/SpringToolsForEclipse.app/Contents/Eclipse/plugins/org.eclipse.m2e.maven.runtime_3.9.900.20250220-2013/jars/plexus-utils-3.5.1.jar
2026-03-13 11:59:00,652 [Worker-13: Launching mavenrun-3f4da2b0-b4ff-452b-9121-7b486bc2ea22] INFO  o.eclipse.m2e.core.internal.Bundles - 	Entry: /Applications/SpringToolsForEclipse.app/Contents/Eclipse/plugins/org.eclipse.m2e.maven.runtime_3.9.900.20250220-2013/jars/plexus-xml-3.0.1.jar
2026-03-13 11:59:00,652 [Worker-13: Launching mavenrun-3f4da2b0-b4ff-452b-9121-7b486bc2ea22] INFO  o.eclipse.m2e.core.internal.Bundles - 	Entry: /Applications/SpringToolsForEclipse.app/Contents/Eclipse/plugins/org.eclipse.m2e.maven.runtime_3.9.900.20250220-2013/jars/wagon-file-3.5.3.jar
2026-03-13 11:59:00,652 [Worker-13: Launching mavenrun-3f4da2b0-b4ff-452b-9121-7b486bc2ea22] INFO  o.eclipse.m2e.core.internal.Bundles - 	Entry: /Applications/SpringToolsForEclipse.app/Contents/Eclipse/plugins/org.eclipse.m2e.maven.runtime_3.9.900.20250220-2013/jars/wagon-http-3.5.3.jar
2026-03-13 11:59:00,652 [Worker-13: Launching mavenrun-3f4da2b0-b4ff-452b-9121-7b486bc2ea22] INFO  o.eclipse.m2e.core.internal.Bundles - 	Entry: /Applications/SpringToolsForEclipse.app/Contents/Eclipse/plugins/org.eclipse.m2e.maven.runtime_3.9.900.20250220-2013/jars/wagon-http-shared-3.5.3.jar
2026-03-13 11:59:00,652 [Worker-13: Launching mavenrun-3f4da2b0-b4ff-452b-9121-7b486bc2ea22] INFO  o.eclipse.m2e.core.internal.Bundles - 	Entry: /Applications/SpringToolsForEclipse.app/Contents/Eclipse/plugins/org.eclipse.m2e.maven.runtime_3.9.900.20250220-2013/jars/wagon-provider-api-3.5.3.jar
2026-03-13 11:59:00,659 [Worker-13: Launching mavenrun-3f4da2b0-b4ff-452b-9121-7b486bc2ea22] INFO  o.eclipse.m2e.core.internal.Bundles - getClasspathEntries(Bundle=com.google.guava_33.4.8.jre [31])
2026-03-13 11:59:00,660 [Worker-13: Launching mavenrun-3f4da2b0-b4ff-452b-9121-7b486bc2ea22] INFO  o.eclipse.m2e.core.internal.Bundles - 	Entry: /Applications/SpringToolsForEclipse.app/Contents/Eclipse/plugins/com.google.guava_33.4.8.jre.jar
2026-03-13 11:59:00,660 [Worker-13: Launching mavenrun-3f4da2b0-b4ff-452b-9121-7b486bc2ea22] INFO  o.eclipse.m2e.core.internal.Bundles - getClasspathEntries(Bundle=slf4j.api_2.0.17 [611])
2026-03-13 11:59:00,660 [Worker-13: Launching mavenrun-3f4da2b0-b4ff-452b-9121-7b486bc2ea22] INFO  o.eclipse.m2e.core.internal.Bundles - 	Entry: /Applications/SpringToolsForEclipse.app/Contents/Eclipse/plugins/slf4j.api_2.0.17.jar
2026-03-13 11:59:00,661 [Worker-13: Launching mavenrun-3f4da2b0-b4ff-452b-9121-7b486bc2ea22] INFO  o.eclipse.m2e.core.internal.Bundles - getClasspathEntries(Bundle=jakarta.inject.jakarta.inject-api_1.0.5 [46])
2026-03-13 11:59:00,661 [Worker-13: Launching mavenrun-3f4da2b0-b4ff-452b-9121-7b486bc2ea22] INFO  o.eclipse.m2e.core.internal.Bundles - 	Entry: /Applications/SpringToolsForEclipse.app/Contents/Eclipse/plugins/jakarta.inject.jakarta.inject-api_1.0.5.jar
2026-03-13 11:59:00,661 [Worker-13: Launching mavenrun-3f4da2b0-b4ff-452b-9121-7b486bc2ea22] INFO  o.eclipse.m2e.core.internal.Bundles - getClasspathEntries(Bundle=javax.annotation_1.3.5.v20200909-1856 [55])
2026-03-13 11:59:00,661 [Worker-13: Launching mavenrun-3f4da2b0-b4ff-452b-9121-7b486bc2ea22] INFO  o.eclipse.m2e.core.internal.Bundles - 	Entry: /Applications/SpringToolsForEclipse.app/Contents/Eclipse/plugins/javax.annotation_1.3.5.v20200909-1856.jar
2026-03-13 11:59:00,661 [Worker-13: Launching mavenrun-3f4da2b0-b4ff-452b-9121-7b486bc2ea22] INFO  o.eclipse.m2e.core.internal.Bundles - getClasspathEntries(Bundle=org.apache.commons.cli_1.9.0 [79])
2026-03-13 11:59:00,661 [Worker-13: Launching mavenrun-3f4da2b0-b4ff-452b-9121-7b486bc2ea22] INFO  o.eclipse.m2e.core.internal.Bundles - 	Entry: /Applications/SpringToolsForEclipse.app/Contents/Eclipse/plugins/org.apache.commons.cli_1.9.0.jar
2026-03-13 11:59:00,661 [Worker-13: Launching mavenrun-3f4da2b0-b4ff-452b-9121-7b486bc2ea22] INFO  o.eclipse.m2e.core.internal.Bundles - getClasspathEntries(Bundle=org.apache.commons.commons-codec_1.16.0 [81])
2026-03-13 11:59:00,661 [Worker-13: Launching mavenrun-3f4da2b0-b4ff-452b-9121-7b486bc2ea22] INFO  o.eclipse.m2e.core.internal.Bundles - 	Entry: /Applications/SpringToolsForEclipse.app/Contents/Eclipse/plugins/org.apache.commons.commons-codec_1.16.0.jar
2026-03-13 11:59:00,661 [Worker-13: Launching mavenrun-3f4da2b0-b4ff-452b-9121-7b486bc2ea22] INFO  o.eclipse.m2e.core.internal.Bundles - getClasspathEntries(Bundle=com.google.guava.failureaccess_1.0.3 [32])
2026-03-13 11:59:00,661 [Worker-13: Launching mavenrun-3f4da2b0-b4ff-452b-9121-7b486bc2ea22] INFO  o.eclipse.m2e.core.internal.Bundles - 	Entry: /Applications/SpringToolsForEclipse.app/Contents/Eclipse/plugins/com.google.guava.failureaccess_1.0.3.jar
2026-03-13 11:59:00,677 [Worker-13: Launching mavenrun-3f4da2b0-b4ff-452b-9121-7b486bc2ea22] INFO  o.e.m.i.launch.MavenLaunchDelegate - Run build in "/var/folders/t2/q3vgwb394x16kf02bj3hmrr80000gn/T/m2e-archetypeGenerator10519809475370848303":
2026-03-13 11:59:00,696 [Worker-13: Launching mavenrun-3f4da2b0-b4ff-452b-9121-7b486bc2ea22] INFO  o.e.m.i.launch.MavenLaunchDelegate -  mvn  -DarchetypeGroupId=org.apache.maven.archetypes -DarchetypeArtifactId=maven-archetype-quickstart -DarchetypeVersion=1.1 -DgroupId=com.klef.fsad -DartifactId=exam -Dversion=0.0.1-SNAPSHOT -Dpackage=com.klef.fsad -DoutputDirectory="/Users/akhilbulusu/Documents/KLU/2025-2026/EVEN SEM/FSAD Main/Excercises/Vijay" -Dstyle.color=always -U archetype:generate
2026-03-13 11:59:16,319 [Worker-16: Creating maven-archetype-quickstart] INFO  o.e.m.c.i.p.ProjectConfigurationManager - Collecting project info '/pom.xml' /Users/akhilbulusu/Documents/KLU/2025-2026/EVEN SEM/FSAD Main/Excercises/Vijay/exam/pom.xml
2026-03-13 11:59:17,377 [Worker-16: Creating maven-archetype-quickstart] INFO  o.e.m.c.i.l.LifecycleMappingFactory - Using org.eclipse.m2e.jdt.JarLifecycleMapping lifecycle mapping for MavenProject: com.klef.fsad:exam:0.0.1-SNAPSHOT @ /Users/akhilbulusu/Documents/KLU/2025-2026/EVEN SEM/FSAD Main/Excercises/Vijay/exam/pom.xml.
2026-03-13 11:59:18,634 [Worker-16: Creating maven-archetype-quickstart] INFO  o.e.m.j.i.AbstractJavaProjectConfigurator - Adding source folder /exam/src/main/java
2026-03-13 11:59:18,636 [Worker-16: Creating maven-archetype-quickstart] INFO  o.e.m.j.i.AbstractJavaProjectConfigurator - Adding resource folder /exam/src/main/resources
2026-03-13 11:59:18,646 [Worker-16: Creating maven-archetype-quickstart] INFO  o.e.m.j.i.AbstractJavaProjectConfigurator - Adding source folder /exam/src/test/java
2026-03-13 11:59:18,648 [Worker-16: Creating maven-archetype-quickstart] INFO  o.e.m.j.i.AbstractJavaProjectConfigurator - Adding resource folder /exam/src/test/resources
2026-03-13 11:59:18,905 [Worker-16: Creating maven-archetype-quickstart] INFO  o.e.m.c.i.p.ProjectConfigurationManager - Imported and configured 1 project(s) in 2 sec
2026-03-13 11:59:19,438 [Worker-18: Download sources and javadoc] INFO  o.e.m.c.i.e.AbstractTransferListenerAdapter - Downloading https://repo.maven.apache.org/maven2/junit/junit/3.8.1/junit-3.8.1-sources.jar
2026-03-13 11:59:19,450 [Worker-18: Download sources and javadoc] INFO  o.e.m.c.i.e.AbstractTransferListenerAdapter - Downloaded https://repo.maven.apache.org/maven2/junit/junit/3.8.1/junit-3.8.1-sources.jar
2026-03-13 11:59:19,455 [Worker-18: Download sources and javadoc] INFO  o.e.m.j.internal.DownloadSourcesJob - Downloaded sources for junit:junit:3.8.1
2026-03-13 11:59:22,906 [Worker-6: Building] INFO  o.a.m.s.f.DefaultMavenResourcesFiltering - skip non existing resourceDirectory /Users/akhilbulusu/Documents/KLU/2025-2026/EVEN SEM/FSAD Main/Excercises/Vijay/exam/src/main/resources
2026-03-13 11:59:22,973 [Worker-6: Building] INFO  o.a.m.s.f.DefaultMavenResourcesFiltering - skip non existing resourceDirectory /Users/akhilbulusu/Documents/KLU/2025-2026/EVEN SEM/FSAD Main/Excercises/Vijay/exam/src/test/resources
2026-03-13 12:02:03,751 [Worker-9: Loading available Gradle versions] INFO  o.e.b.c.i.u.g.PublishedGradleVersions - Gradle version information cache is up-to-date. Trying to read.
2026-03-13 12:04:19,462 [Worker-7: Building] INFO  o.e.m.c.i.l.LifecycleMappingFactory - Using org.eclipse.m2e.jdt.JarLifecycleMapping lifecycle mapping for MavenProject: com.klef.fsad:exam:0.0.1-SNAPSHOT @ /Users/akhilbulusu/Documents/KLU/2025-2026/EVEN SEM/FSAD Main/Excercises/Vijay/exam/pom.xml.
2026-03-13 12:04:19,753 [Worker-7: Building] WARN  o.e.m.c.i.embedder.EclipseLogger - The artifact mysql:mysql-connector-java:jar:8.0.33 has been relocated to com.mysql:mysql-connector-j:jar:8.0.33: MySQL Connector/J artifacts moved to reverse-DNS compliant Maven 2+ coordinates.
2026-03-13 12:04:21,941 [Worker-7: Building] INFO  o.a.m.s.f.DefaultMavenResourcesFiltering - skip non existing resourceDirectory /Users/akhilbulusu/Documents/KLU/2025-2026/EVEN SEM/FSAD Main/Excercises/Vijay/exam/src/main/resources
2026-03-13 12:04:21,962 [Worker-7: Building] INFO  o.a.m.s.f.DefaultMavenResourcesFiltering - skip non existing resourceDirectory /Users/akhilbulusu/Documents/KLU/2025-2026/EVEN SEM/FSAD Main/Excercises/Vijay/exam/src/test/resources
2026-03-13 12:04:22,838 [Worker-4: Updating Maven Project] INFO  o.e.m.c.i.p.ProjectConfigurationManager - Update started
2026-03-13 12:04:23,717 [Worker-4: Updating Maven Project] INFO  o.e.m.c.i.l.LifecycleMappingFactory - Using org.eclipse.m2e.jdt.JarLifecycleMapping lifecycle mapping for MavenProject: com.klef.fsad:exam:0.0.1-SNAPSHOT @ /Users/akhilbulusu/Documents/KLU/2025-2026/EVEN SEM/FSAD Main/Excercises/Vijay/exam/pom.xml.
2026-03-13 12:04:23,961 [Worker-4: Updating Maven Project] WARN  o.e.m.c.i.embedder.EclipseLogger - The artifact mysql:mysql-connector-java:jar:8.0.33 has been relocated to com.mysql:mysql-connector-j:jar:8.0.33: MySQL Connector/J artifacts moved to reverse-DNS compliant Maven 2+ coordinates.
2026-03-13 12:04:24,353 [Worker-4: Updating Maven Project] INFO  o.e.m.j.i.AbstractJavaProjectConfigurator - Adding source folder /exam/src/main/java
2026-03-13 12:04:24,356 [Worker-4: Updating Maven Project] INFO  o.e.m.j.i.AbstractJavaProjectConfigurator - Adding resource folder /exam/src/main/resources
2026-03-13 12:04:24,358 [Worker-4: Updating Maven Project] INFO  o.e.m.j.i.AbstractJavaProjectConfigurator - Adding source folder /exam/src/test/java
2026-03-13 12:04:24,358 [Worker-4: Updating Maven Project] INFO  o.e.m.j.i.AbstractJavaProjectConfigurator - Adding resource folder /exam/src/test/resources
2026-03-13 12:04:28,273 [Worker-4: Updating Maven Project] INFO  o.e.m.c.i.p.ProjectConfigurationManager - Update completed for 1 poms: local refresh takes 0.00 sec, refresh facades takes 0.00 sec, update config takes 1.00 sec 
2026-03-13 12:04:32,265 [Worker-9: Building] INFO  o.a.m.s.f.DefaultMavenResourcesFiltering - skip non existing resourceDirectory /Users/akhilbulusu/Documents/KLU/2025-2026/EVEN SEM/FSAD Main/Excercises/Vijay/exam/src/main/resources
2026-03-13 12:04:32,290 [Worker-9: Building] INFO  o.a.m.s.f.DefaultMavenResourcesFiltering - skip non existing resourceDirectory /Users/akhilbulusu/Documents/KLU/2025-2026/EVEN SEM/FSAD Main/Excercises/Vijay/exam/src/test/resources
2026-03-13 12:04:52,513 [Worker-19: Building] INFO  o.a.m.s.f.DefaultMavenResourcesFiltering - Copying 0 resource from src/main/resources to target/classes
2026-03-13 12:04:52,518 [Worker-19: Building] INFO  o.a.m.s.f.DefaultMavenResourcesFiltering - skip non existing resourceDirectory /Users/akhilbulusu/Documents/KLU/2025-2026/EVEN SEM/FSAD Main/Excercises/Vijay/exam/src/test/resources
2026-03-13 12:06:05,073 [Worker-15: Building] INFO  o.a.m.s.f.DefaultMavenResourcesFiltering - Copying 1 resource from src/main/resources to target/classes
2026-03-13 12:06:05,093 [Worker-15: Building] INFO  o.a.m.s.f.DefaultMavenResourcesFiltering - skip non existing resourceDirectory /Users/akhilbulusu/Documents/KLU/2025-2026/EVEN SEM/FSAD Main/Excercises/Vijay/exam/src/test/resources
2026-03-13 12:07:10,170 [Worker-5: Building] INFO  o.a.m.s.f.DefaultMavenResourcesFiltering - Copying 1 resource from src/main/resources to target/classes
2026-03-13 12:07:10,180 [Worker-5: Building] INFO  o.a.m.s.f.DefaultMavenResourcesFiltering - skip non existing resourceDirectory /Users/akhilbulusu/Documents/KLU/2025-2026/EVEN SEM/FSAD Main/Excercises/Vijay/exam/src/test/resources
2026-03-13 12:07:52,277 [Worker-8: Building] INFO  o.a.m.s.f.DefaultMavenResourcesFiltering - Copying 1 resource from src/main/resources to target/classes
2026-03-13 12:07:52,305 [Worker-8: Building] INFO  o.a.m.s.f.DefaultMavenResourcesFiltering - skip non existing resourceDirectory /Users/akhilbulusu/Documents/KLU/2025-2026/EVEN SEM/FSAD Main/Excercises/Vijay/exam/src/test/resources
2026-03-13 12:08:13,125 [Worker-5: Building] INFO  o.a.m.s.f.DefaultMavenResourcesFiltering - Copying 1 resource from src/main/resources to target/classes
2026-03-13 12:08:13,128 [Worker-5: Building] INFO  o.a.m.s.f.DefaultMavenResourcesFiltering - skip non existing resourceDirectory /Users/akhilbulusu/Documents/KLU/2025-2026/EVEN SEM/FSAD Main/Excercises/Vijay/exam/src/test/resources
2026-03-13 12:08:21,225 [Worker-1: Building] INFO  o.a.m.s.f.DefaultMavenResourcesFiltering - Copying 1 resource from src/main/resources to target/classes
2026-03-13 12:08:21,241 [Worker-1: Building] INFO  o.a.m.s.f.DefaultMavenResourcesFiltering - skip non existing resourceDirectory /Users/akhilbulusu/Documents/KLU/2025-2026/EVEN SEM/FSAD Main/Excercises/Vijay/exam/src/test/resources
2026-03-13 12:08:22,519 [Worker-16: Building] INFO  o.a.m.s.f.DefaultMavenResourcesFiltering - Copying 1 resource from src/main/resources to target/classes
2026-03-13 12:08:22,525 [Worker-16: Building] INFO  o.a.m.s.f.DefaultMavenResourcesFiltering - skip non existing resourceDirectory /Users/akhilbulusu/Documents/KLU/2025-2026/EVEN SEM/FSAD Main/Excercises/Vijay/exam/src/test/resources
2026-03-13 12:08:24,555 [Worker-16: Building] INFO  o.a.m.s.f.DefaultMavenResourcesFiltering - Copying 1 resource from src/main/resources to target/classes
2026-03-13 12:08:24,557 [Worker-16: Building] INFO  o.a.m.s.f.DefaultMavenResourcesFiltering - skip non existing resourceDirectory /Users/akhilbulusu/Documents/KLU/2025-2026/EVEN SEM/FSAD Main/Excercises/Vijay/exam/src/test/resources
2026-03-13 12:08:27,373 [Worker-5: Building] INFO  o.a.m.s.f.DefaultMavenResourcesFiltering - Copying 1 resource from src/main/resources to target/classes
2026-03-13 12:08:27,377 [Worker-5: Building] INFO  o.a.m.s.f.DefaultMavenResourcesFiltering - skip non existing resourceDirectory /Users/akhilbulusu/Documents/KLU/2025-2026/EVEN SEM/FSAD Main/Excercises/Vijay/exam/src/test/resources
2026-03-13 12:08:41,979 [Worker-12: Building] ERROR o.e.m.c.i.p.r.ProjectRegistryManager - Could not read pom.xml
org.eclipse.core.runtime.CoreException: Could not read pom.xml
	at org.eclipse.m2e.core.internal.IMavenToolbox.readModel(IMavenToolbox.java:245)
	at org.eclipse.m2e.core.internal.project.registry.ProjectRegistryManager.refreshPhase2(ProjectRegistryManager.java:591)
	at org.eclipse.m2e.core.internal.project.registry.ProjectRegistryManager.refresh(ProjectRegistryManager.java:491)
	at org.eclipse.m2e.core.internal.project.registry.ProjectRegistryManager.refresh(ProjectRegistryManager.java:370)
	at org.eclipse.m2e.core.internal.project.registry.ProjectRegistryManager.refresh(ProjectRegistryManager.java:322)
	at org.eclipse.m2e.core.internal.builder.MavenBuilder$BuildMethod.getProjectFacade(MavenBuilder.java:146)
	at org.eclipse.m2e.core.internal.builder.MavenBuilder$BuildMethod.lambda$0(MavenBuilder.java:84)
	at org.eclipse.m2e.core.internal.embedder.MavenExecutionContext.executeBare(MavenExecutionContext.java:458)
	at org.eclipse.m2e.core.internal.embedder.MavenExecutionContext.execute(MavenExecutionContext.java:339)
	at org.eclipse.m2e.core.internal.embedder.MavenExecutionContext.execute(MavenExecutionContext.java:278)
	at org.eclipse.m2e.core.internal.builder.MavenBuilder$BuildMethod.execute(MavenBuilder.java:83)
	at org.eclipse.m2e.core.internal.builder.MavenBuilder.build(MavenBuilder.java:192)
	at org.eclipse.core.internal.events.BuildManager$2.run(BuildManager.java:1077)
	at org.eclipse.core.runtime.SafeRunner.run(SafeRunner.java:47)
	at org.eclipse.core.internal.events.BuildManager.basicBuild(BuildManager.java:296)
	at org.eclipse.core.internal.events.BuildManager.basicBuild(BuildManager.java:352)
	at org.eclipse.core.internal.events.BuildManager$1.run(BuildManager.java:441)
	at org.eclipse.core.runtime.SafeRunner.run(SafeRunner.java:47)
	at org.eclipse.core.internal.events.BuildManager.basicBuild(BuildManager.java:444)
	at org.eclipse.core.internal.events.BuildManager.basicBuildLoop(BuildManager.java:555)
	at org.eclipse.core.internal.events.BuildManager.basicBuildLoop(BuildManager.java:503)
	at org.eclipse.core.internal.events.BuildManager.build(BuildManager.java:585)
	at org.eclipse.core.internal.events.AutoBuildJob.doBuild(AutoBuildJob.java:207)
	at org.eclipse.core.internal.events.AutoBuildJob.run(AutoBuildJob.java:300)
	at org.eclipse.core.internal.jobs.Worker.run(Worker.java:63)
Caused by: org.apache.maven.model.io.ModelParseException: only whitespace content allowed before start tag and not ` (position: START_DOCUMENT seen `... @1:2) 
	at org.apache.maven.model.io.DefaultModelReader.read(DefaultModelReader.java:96)
	at org.apache.maven.model.io.DefaultModelReader.read(DefaultModelReader.java:74)
	at org.eclipse.m2e.core.internal.IMavenToolbox.readModel(IMavenToolbox.java:243)
	... 24 common frames omitted
Caused by: org.codehaus.plexus.util.xml.pull.XmlPullParserException: only whitespace content allowed before start tag and not ` (position: START_DOCUMENT seen `... @1:2) 
	at org.codehaus.plexus.util.xml.pull.MXParser.parseProlog(MXParser.java:1933)
	at org.codehaus.plexus.util.xml.pull.MXParser.nextImpl(MXParser.java:1757)
	at org.codehaus.plexus.util.xml.pull.MXParser.next(MXParser.java:1375)
	at org.apache.maven.model.io.xpp3.MavenXpp3Reader.read(MavenXpp3Reader.java:627)
	at org.apache.maven.model.io.xpp3.MavenXpp3Reader.read(MavenXpp3Reader.java:654)
	at org.apache.maven.model.io.DefaultModelReader.read(DefaultModelReader.java:93)
	... 26 common frames omitted
2026-03-13 12:08:43,307 [Worker-19: Building] ERROR o.e.m.c.i.p.r.ProjectRegistryManager - Could not read pom.xml
org.eclipse.core.runtime.CoreException: Could not read pom.xml
	at org.eclipse.m2e.core.internal.IMavenToolbox.readModel(IMavenToolbox.java:245)
	at org.eclipse.m2e.core.internal.project.registry.ProjectRegistryManager.refreshPhase2(ProjectRegistryManager.java:591)
	at org.eclipse.m2e.core.internal.project.registry.ProjectRegistryManager.refresh(ProjectRegistryManager.java:491)
	at org.eclipse.m2e.core.internal.project.registry.ProjectRegistryManager.refresh(ProjectRegistryManager.java:370)
	at org.eclipse.m2e.core.internal.project.registry.ProjectRegistryManager.refresh(ProjectRegistryManager.java:322)
	at org.eclipse.m2e.core.internal.builder.MavenBuilder$BuildMethod.getProjectFacade(MavenBuilder.java:146)
	at org.eclipse.m2e.core.internal.builder.MavenBuilder$BuildMethod.lambda$0(MavenBuilder.java:84)
	at org.eclipse.m2e.core.internal.embedder.MavenExecutionContext.executeBare(MavenExecutionContext.java:458)
	at org.eclipse.m2e.core.internal.embedder.MavenExecutionContext.execute(MavenExecutionContext.java:339)
	at org.eclipse.m2e.core.internal.embedder.MavenExecutionContext.execute(MavenExecutionContext.java:278)
	at org.eclipse.m2e.core.internal.builder.MavenBuilder$BuildMethod.execute(MavenBuilder.java:83)
	at org.eclipse.m2e.core.internal.builder.MavenBuilder.build(MavenBuilder.java:192)
	at org.eclipse.core.internal.events.BuildManager$2.run(BuildManager.java:1077)
	at org.eclipse.core.runtime.SafeRunner.run(SafeRunner.java:47)
	at org.eclipse.core.internal.events.BuildManager.basicBuild(BuildManager.java:296)
	at org.eclipse.core.internal.events.BuildManager.basicBuild(BuildManager.java:352)
	at org.eclipse.core.internal.events.BuildManager$1.run(BuildManager.java:441)
	at org.eclipse.core.runtime.SafeRunner.run(SafeRunner.java:47)
	at org.eclipse.core.internal.events.BuildManager.basicBuild(BuildManager.java:444)
	at org.eclipse.core.internal.events.BuildManager.basicBuildLoop(BuildManager.java:555)
	at org.eclipse.core.internal.events.BuildManager.basicBuildLoop(BuildManager.java:503)
	at org.eclipse.core.internal.events.BuildManager.build(BuildManager.java:585)
	at org.eclipse.core.internal.events.AutoBuildJob.doBuild(AutoBuildJob.java:207)
	at org.eclipse.core.internal.events.AutoBuildJob.run(AutoBuildJob.java:300)
	at org.eclipse.core.internal.jobs.Worker.run(Worker.java:63)
Caused by: org.apache.maven.model.io.ModelParseException: only whitespace content allowed before start tag and not ` (position: START_DOCUMENT seen `... @1:2) 
	at org.apache.maven.model.io.DefaultModelReader.read(DefaultModelReader.java:96)
	at org.apache.maven.model.io.DefaultModelReader.read(DefaultModelReader.java:74)
	at org.eclipse.m2e.core.internal.IMavenToolbox.readModel(IMavenToolbox.java:243)
	... 24 common frames omitted
Caused by: org.codehaus.plexus.util.xml.pull.XmlPullParserException: only whitespace content allowed before start tag and not ` (position: START_DOCUMENT seen `... @1:2) 
	at org.codehaus.plexus.util.xml.pull.MXParser.parseProlog(MXParser.java:1933)
	at org.codehaus.plexus.util.xml.pull.MXParser.nextImpl(MXParser.java:1757)
	at org.codehaus.plexus.util.xml.pull.MXParser.next(MXParser.java:1375)
	at org.apache.maven.model.io.xpp3.MavenXpp3Reader.read(MavenXpp3Reader.java:627)
	at org.apache.maven.model.io.xpp3.MavenXpp3Reader.read(MavenXpp3Reader.java:654)
	at org.apache.maven.model.io.DefaultModelReader.read(DefaultModelReader.java:93)
	... 26 common frames omitted
2026-03-13 12:08:49,881 [Worker-15: reload maven project] ERROR o.e.m.c.i.p.r.ProjectRegistryManager - Failed to read Maven project: Some problems were encountered while processing the POMs:
[FATAL] Non-parseable POM /Users/akhilbulusu/Documents/KLU/2025-2026/EVEN SEM/FSAD Main/Excercises/Vijay/exam/pom.xml: in epilog non whitespace content is not allowed but got ` (position: END_TAG seen ...</build>\n\n</project>\n`... @102:2)  @ line 102, column 2

org.apache.maven.project.ProjectBuildingException: Some problems were encountered while processing the POMs:
[FATAL] Non-parseable POM /Users/akhilbulusu/Documents/KLU/2025-2026/EVEN SEM/FSAD Main/Excercises/Vijay/exam/pom.xml: in epilog non whitespace content is not allowed but got ` (position: END_TAG seen ...</build>\n\n</project>\n`... @102:2)  @ line 102, column 2

	at org.eclipse.m2e.core.internal.IMavenToolbox.readMavenProjects(IMavenToolbox.java:140)
	at org.eclipse.m2e.core.internal.project.registry.ProjectRegistryManager.lambda$22(ProjectRegistryManager.java:943)
	at org.eclipse.m2e.core.internal.embedder.MavenExecutionContext.executeBare(MavenExecutionContext.java:458)
	at org.eclipse.m2e.core.internal.embedder.MavenExecutionContext.execute(MavenExecutionContext.java:339)
	at org.eclipse.m2e.core.internal.embedder.MavenExecutionContext.execute(MavenExecutionContext.java:278)
	at org.eclipse.m2e.core.internal.project.registry.ProjectRegistryManager.readProjectsWithDependencies(ProjectRegistryManager.java:939)
	at org.eclipse.m2e.core.internal.project.registry.ProjectRegistryManager.create(ProjectRegistryManager.java:219)
	at org.eclipse.m2e.core.internal.project.registry.MavenProjectManager.create(MavenProjectManager.java:105)
	at org.eclipse.m2e.core.ui.internal.actions.SelectionUtil.getMavenProject(SelectionUtil.java:239)
	at org.eclipse.m2e.editor.pom.MavenPomEditor.readMavenProject(MavenPomEditor.java:709)
	at org.eclipse.m2e.editor.pom.MavenPomEditor$4.run(MavenPomEditor.java:1029)
	at org.eclipse.core.internal.jobs.Worker.run(Worker.java:63)
2026-03-13 12:08:49,974 [Worker-10: Building] ERROR o.e.m.c.i.p.r.ProjectRegistryManager - Could not read pom.xml
org.eclipse.core.runtime.CoreException: Could not read pom.xml
	at org.eclipse.m2e.core.internal.IMavenToolbox.readModel(IMavenToolbox.java:245)
	at org.eclipse.m2e.core.internal.project.registry.ProjectRegistryManager.refreshPhase2(ProjectRegistryManager.java:591)
	at org.eclipse.m2e.core.internal.project.registry.ProjectRegistryManager.refresh(ProjectRegistryManager.java:491)
	at org.eclipse.m2e.core.internal.project.registry.ProjectRegistryManager.refresh(ProjectRegistryManager.java:370)
	at org.eclipse.m2e.core.internal.project.registry.ProjectRegistryManager.refresh(ProjectRegistryManager.java:322)
	at org.eclipse.m2e.core.internal.builder.MavenBuilder$BuildMethod.getProjectFacade(MavenBuilder.java:146)
	at org.eclipse.m2e.core.internal.builder.MavenBuilder$BuildMethod.lambda$0(MavenBuilder.java:84)
	at org.eclipse.m2e.core.internal.embedder.MavenExecutionContext.executeBare(MavenExecutionContext.java:458)
	at org.eclipse.m2e.core.internal.embedder.MavenExecutionContext.execute(MavenExecutionContext.java:339)
	at org.eclipse.m2e.core.internal.embedder.MavenExecutionContext.execute(MavenExecutionContext.java:278)
	at org.eclipse.m2e.core.internal.builder.MavenBuilder$BuildMethod.execute(MavenBuilder.java:83)
	at org.eclipse.m2e.core.internal.builder.MavenBuilder.build(MavenBuilder.java:192)
	at org.eclipse.core.internal.events.BuildManager$2.run(BuildManager.java:1077)
	at org.eclipse.core.runtime.SafeRunner.run(SafeRunner.java:47)
	at org.eclipse.core.internal.events.BuildManager.basicBuild(BuildManager.java:296)
	at org.eclipse.core.internal.events.BuildManager.basicBuild(BuildManager.java:352)
	at org.eclipse.core.internal.events.BuildManager$1.run(BuildManager.java:441)
	at org.eclipse.core.runtime.SafeRunner.run(SafeRunner.java:47)
	at org.eclipse.core.internal.events.BuildManager.basicBuild(BuildManager.java:444)
	at org.eclipse.core.internal.events.BuildManager.basicBuildLoop(BuildManager.java:555)
	at org.eclipse.core.internal.events.BuildManager.basicBuildLoop(BuildManager.java:503)
	at org.eclipse.core.internal.events.BuildManager.build(BuildManager.java:585)
	at org.eclipse.core.internal.events.AutoBuildJob.doBuild(AutoBuildJob.java:207)
	at org.eclipse.core.internal.events.AutoBuildJob.run(AutoBuildJob.java:300)
	at org.eclipse.core.internal.jobs.Worker.run(Worker.java:63)
Caused by: org.apache.maven.model.io.ModelParseException: in epilog non whitespace content is not allowed but got ` (position: END_TAG seen ...</build>\n\n</project>\n`... @102:2) 
	at org.apache.maven.model.io.DefaultModelReader.read(DefaultModelReader.java:96)
	at org.apache.maven.model.io.DefaultModelReader.read(DefaultModelReader.java:74)
	at org.eclipse.m2e.core.internal.IMavenToolbox.readModel(IMavenToolbox.java:243)
	... 24 common frames omitted
Caused by: org.codehaus.plexus.util.xml.pull.XmlPullParserException: in epilog non whitespace content is not allowed but got ` (position: END_TAG seen ...</build>\n\n</project>\n`... @102:2) 
	at org.codehaus.plexus.util.xml.pull.MXParser.parseEpilog(MXParser.java:2090)
	at org.codehaus.plexus.util.xml.pull.MXParser.nextImpl(MXParser.java:1753)
	at org.codehaus.plexus.util.xml.pull.MXParser.next(MXParser.java:1375)
	at org.apache.maven.model.io.xpp3.MavenXpp3Reader.read(MavenXpp3Reader.java:627)
	at org.apache.maven.model.io.xpp3.MavenXpp3Reader.read(MavenXpp3Reader.java:654)
	at org.apache.maven.model.io.DefaultModelReader.read(DefaultModelReader.java:93)
	... 26 common frames omitted
2026-03-13 12:09:16,983 [Worker-4: Building] INFO  o.e.m.c.i.l.LifecycleMappingFactory - Using org.eclipse.m2e.jdt.JarLifecycleMapping lifecycle mapping for MavenProject: com.klef.fsad:exam:0.0.1-SNAPSHOT @ /Users/akhilbulusu/Documents/KLU/2025-2026/EVEN SEM/FSAD Main/Excercises/Vijay/exam/pom.xml.
2026-03-13 12:09:17,278 [Worker-2: reload maven project] INFO  o.e.m.c.i.e.AbstractTransferListenerAdapter - Downloading https://repo.maven.apache.org/maven2/com/mysql/mysql-connector-j/8.3.0/mysql-connector-j-8.3.0.pom
2026-03-13 12:09:17,297 [Worker-2: reload maven project] INFO  o.e.m.c.i.e.AbstractTransferListenerAdapter - Downloaded https://repo.maven.apache.org/maven2/com/mysql/mysql-connector-j/8.3.0/mysql-connector-j-8.3.0.pom
2026-03-13 12:09:17,344 [Worker-2: reload maven project] INFO  o.e.m.c.i.e.AbstractTransferListenerAdapter - Downloading https://repo.maven.apache.org/maven2/com/google/protobuf/protobuf-java/3.25.1/protobuf-java-3.25.1.pom
2026-03-13 12:09:17,347 [Worker-2: reload maven project] INFO  o.e.m.c.i.e.AbstractTransferListenerAdapter - Downloaded https://repo.maven.apache.org/maven2/com/google/protobuf/protobuf-java/3.25.1/protobuf-java-3.25.1.pom
2026-03-13 12:09:17,406 [Worker-2: reload maven project] INFO  o.e.m.c.i.e.AbstractTransferListenerAdapter - Downloading https://repo.maven.apache.org/maven2/com/google/protobuf/protobuf-parent/3.25.1/protobuf-parent-3.25.1.pom
2026-03-13 12:09:17,408 [Worker-2: reload maven project] INFO  o.e.m.c.i.e.AbstractTransferListenerAdapter - Downloaded https://repo.maven.apache.org/maven2/com/google/protobuf/protobuf-parent/3.25.1/protobuf-parent-3.25.1.pom
2026-03-13 12:09:17,536 [Worker-2: reload maven project] INFO  o.e.m.c.i.e.AbstractTransferListenerAdapter - Downloading https://repo.maven.apache.org/maven2/com/google/protobuf/protobuf-bom/3.25.1/protobuf-bom-3.25.1.pom
2026-03-13 12:09:17,538 [Worker-2: reload maven project] INFO  o.e.m.c.i.e.AbstractTransferListenerAdapter - Downloaded https://repo.maven.apache.org/maven2/com/google/protobuf/protobuf-bom/3.25.1/protobuf-bom-3.25.1.pom
2026-03-13 12:09:17,586 [Worker-2: reload maven project] INFO  o.e.m.c.i.e.AbstractTransferListenerAdapter - Downloading https://repo.maven.apache.org/maven2/org/hibernate/orm/hibernate-hikaricp/6.4.4.Final/hibernate-hikaricp-6.4.4.Final.pom
2026-03-13 12:09:17,588 [Worker-2: reload maven project] INFO  o.e.m.c.i.e.AbstractTransferListenerAdapter - Downloaded https://repo.maven.apache.org/maven2/org/hibernate/orm/hibernate-hikaricp/6.4.4.Final/hibernate-hikaricp-6.4.4.Final.pom
2026-03-13 12:09:17,743 [Worker-4: Building] INFO  o.e.m.c.i.e.AbstractTransferListenerAdapter - Downloading https://repo.maven.apache.org/maven2/com/zaxxer/HikariCP/3.2.0/HikariCP-3.2.0.pom
2026-03-13 12:09:17,748 [Worker-4: Building] INFO  o.e.m.c.i.e.AbstractTransferListenerAdapter - Downloaded https://repo.maven.apache.org/maven2/com/zaxxer/HikariCP/3.2.0/HikariCP-3.2.0.pom
2026-03-13 12:09:17,798 [Worker-2: reload maven project] INFO  o.e.m.c.i.e.AbstractTransferListenerAdapter - Downloading https://repo.maven.apache.org/maven2/org/slf4j/slf4j-api/1.7.25/slf4j-api-1.7.25.pom
2026-03-13 12:09:17,809 [Worker-2: reload maven project] INFO  o.e.m.c.i.e.AbstractTransferListenerAdapter - Downloaded https://repo.maven.apache.org/maven2/org/slf4j/slf4j-api/1.7.25/slf4j-api-1.7.25.pom
2026-03-13 12:09:17,843 [Worker-2: reload maven project] INFO  o.e.m.c.i.e.AbstractTransferListenerAdapter - Downloading https://repo.maven.apache.org/maven2/org/slf4j/slf4j-parent/1.7.25/slf4j-parent-1.7.25.pom
2026-03-13 12:09:17,845 [Worker-2: reload maven project] INFO  o.e.m.c.i.e.AbstractTransferListenerAdapter - Downloaded https://repo.maven.apache.org/maven2/org/slf4j/slf4j-parent/1.7.25/slf4j-parent-1.7.25.pom
2026-03-13 12:09:17,893 [Worker-2: reload maven project] INFO  o.e.m.c.i.e.AbstractTransferListenerAdapter - Downloading https://repo.maven.apache.org/maven2/org/slf4j/slf4j-simple/2.0.13/slf4j-simple-2.0.13.pom
2026-03-13 12:09:17,895 [Worker-2: reload maven project] INFO  o.e.m.c.i.e.AbstractTransferListenerAdapter - Downloaded https://repo.maven.apache.org/maven2/org/slf4j/slf4j-simple/2.0.13/slf4j-simple-2.0.13.pom
2026-03-13 12:09:17,937 [Worker-2: reload maven project] INFO  o.e.m.c.i.e.AbstractTransferListenerAdapter - Downloading https://repo.maven.apache.org/maven2/org/slf4j/slf4j-parent/2.0.13/slf4j-parent-2.0.13.pom
2026-03-13 12:09:17,940 [Worker-2: reload maven project] INFO  o.e.m.c.i.e.AbstractTransferListenerAdapter - Downloaded https://repo.maven.apache.org/maven2/org/slf4j/slf4j-parent/2.0.13/slf4j-parent-2.0.13.pom
2026-03-13 12:09:18,053 [Worker-2: reload maven project] INFO  o.e.m.c.i.e.AbstractTransferListenerAdapter - Downloading https://repo.maven.apache.org/maven2/org/slf4j/slf4j-bom/2.0.13/slf4j-bom-2.0.13.pom
2026-03-13 12:09:18,055 [Worker-2: reload maven project] INFO  o.e.m.c.i.e.AbstractTransferListenerAdapter - Downloaded https://repo.maven.apache.org/maven2/org/slf4j/slf4j-bom/2.0.13/slf4j-bom-2.0.13.pom
2026-03-13 12:09:18,135 [Worker-4: Building] INFO  o.e.m.c.i.e.AbstractTransferListenerAdapter - Downloading https://repo.maven.apache.org/maven2/org/slf4j/slf4j-api/2.0.13/slf4j-api-2.0.13.pom
2026-03-13 12:09:18,139 [Worker-4: Building] INFO  o.e.m.c.i.e.AbstractTransferListenerAdapter - Downloaded https://repo.maven.apache.org/maven2/org/slf4j/slf4j-api/2.0.13/slf4j-api-2.0.13.pom
2026-03-13 12:09:18,281 [Worker-4: Building] INFO  o.e.m.c.i.e.AbstractTransferListenerAdapter - Downloading https://repo.maven.apache.org/maven2/com/mysql/mysql-connector-j/8.3.0/mysql-connector-j-8.3.0.jar
2026-03-13 12:09:18,551 [Worker-4: Building] INFO  o.e.m.c.i.e.AbstractTransferListenerAdapter - Downloaded https://repo.maven.apache.org/maven2/com/mysql/mysql-connector-j/8.3.0/mysql-connector-j-8.3.0.jar
2026-03-13 12:09:18,611 [BasicRepositoryConnector-repo.maven.apache.org-0-3] INFO  o.e.m.c.i.e.AbstractTransferListenerAdapter - Downloading https://repo.maven.apache.org/maven2/org/slf4j/slf4j-simple/2.0.13/slf4j-simple-2.0.13.jar
2026-03-13 12:09:18,615 [BasicRepositoryConnector-repo.maven.apache.org-0-3] INFO  o.e.m.c.i.e.AbstractTransferListenerAdapter - Downloaded https://repo.maven.apache.org/maven2/org/slf4j/slf4j-simple/2.0.13/slf4j-simple-2.0.13.jar
2026-03-13 12:09:18,709 [BasicRepositoryConnector-repo.maven.apache.org-0-4] INFO  o.e.m.c.i.e.AbstractTransferListenerAdapter - Downloading https://repo.maven.apache.org/maven2/org/slf4j/slf4j-api/2.0.13/slf4j-api-2.0.13.jar
2026-03-13 12:09:18,709 [BasicRepositoryConnector-repo.maven.apache.org-0-2] INFO  o.e.m.c.i.e.AbstractTransferListenerAdapter - Downloading https://repo.maven.apache.org/maven2/com/zaxxer/HikariCP/3.2.0/HikariCP-3.2.0.jar
2026-03-13 12:09:18,713 [BasicRepositoryConnector-repo.maven.apache.org-0-0] INFO  o.e.m.c.i.e.AbstractTransferListenerAdapter - Downloading https://repo.maven.apache.org/maven2/com/google/protobuf/protobuf-java/3.25.1/protobuf-java-3.25.1.jar
2026-03-13 12:09:18,727 [BasicRepositoryConnector-repo.maven.apache.org-0-1] INFO  o.e.m.c.i.e.AbstractTransferListenerAdapter - Downloading https://repo.maven.apache.org/maven2/org/hibernate/orm/hibernate-hikaricp/6.4.4.Final/hibernate-hikaricp-6.4.4.Final.jar
2026-03-13 12:09:18,736 [BasicRepositoryConnector-repo.maven.apache.org-0-4] INFO  o.e.m.c.i.e.AbstractTransferListenerAdapter - Downloaded https://repo.maven.apache.org/maven2/org/slf4j/slf4j-api/2.0.13/slf4j-api-2.0.13.jar
2026-03-13 12:09:18,733 [BasicRepositoryConnector-repo.maven.apache.org-0-1] INFO  o.e.m.c.i.e.AbstractTransferListenerAdapter - Downloaded https://repo.maven.apache.org/maven2/org/hibernate/orm/hibernate-hikaricp/6.4.4.Final/hibernate-hikaricp-6.4.4.Final.jar
2026-03-13 12:09:18,753 [BasicRepositoryConnector-repo.maven.apache.org-0-2] INFO  o.e.m.c.i.e.AbstractTransferListenerAdapter - Downloaded https://repo.maven.apache.org/maven2/com/zaxxer/HikariCP/3.2.0/HikariCP-3.2.0.jar
2026-03-13 12:09:18,871 [BasicRepositoryConnector-repo.maven.apache.org-0-0] INFO  o.e.m.c.i.e.AbstractTransferListenerAdapter - Downloaded https://repo.maven.apache.org/maven2/com/google/protobuf/protobuf-java/3.25.1/protobuf-java-3.25.1.jar
2026-03-13 12:09:19,947 [Worker-4: Building] INFO  o.a.m.s.f.DefaultMavenResourcesFiltering - Copying 0 resource from src/main/resources to target/classes
2026-03-13 12:09:19,957 [Worker-4: Building] INFO  o.a.m.s.f.DefaultMavenResourcesFiltering - skip non existing resourceDirectory /Users/akhilbulusu/Documents/KLU/2025-2026/EVEN SEM/FSAD Main/Excercises/Vijay/exam/src/test/resources
2026-03-13 12:09:20,566 [Worker-2: Updating Maven Project] INFO  o.e.m.c.i.p.ProjectConfigurationManager - Update started
2026-03-13 12:09:20,845 [Worker-2: Updating Maven Project] INFO  o.e.m.c.i.l.LifecycleMappingFactory - Using org.eclipse.m2e.jdt.JarLifecycleMapping lifecycle mapping for MavenProject: com.klef.fsad:exam:0.0.1-SNAPSHOT @ /Users/akhilbulusu/Documents/KLU/2025-2026/EVEN SEM/FSAD Main/Excercises/Vijay/exam/pom.xml.
2026-03-13 12:09:20,876 [Worker-15: Download sources and javadoc] INFO  o.e.m.c.i.e.AbstractTransferListenerAdapter - Downloading https://repo.maven.apache.org/maven2/com/mysql/mysql-connector-j/8.3.0/mysql-connector-j-8.3.0-sources.jar
2026-03-13 12:09:21,012 [Worker-15: Download sources and javadoc] INFO  o.e.m.c.i.e.AbstractTransferListenerAdapter - Downloaded https://repo.maven.apache.org/maven2/com/mysql/mysql-connector-j/8.3.0/mysql-connector-j-8.3.0-sources.jar
2026-03-13 12:09:21,017 [Worker-15: Download sources and javadoc] INFO  o.e.m.j.internal.DownloadSourcesJob - Downloaded sources for com.mysql:mysql-connector-j:8.3.0
2026-03-13 12:09:21,563 [Worker-15: Download sources and javadoc] INFO  o.e.m.c.i.e.AbstractTransferListenerAdapter - Downloading https://repo.maven.apache.org/maven2/com/google/protobuf/protobuf-java/3.25.1/protobuf-java-3.25.1-sources.jar
2026-03-13 12:09:21,774 [Worker-15: Download sources and javadoc] INFO  o.e.m.c.i.e.AbstractTransferListenerAdapter - Downloaded https://repo.maven.apache.org/maven2/com/google/protobuf/protobuf-java/3.25.1/protobuf-java-3.25.1-sources.jar
2026-03-13 12:09:21,846 [Worker-15: Download sources and javadoc] INFO  o.e.m.j.internal.DownloadSourcesJob - Downloaded sources for com.google.protobuf:protobuf-java:3.25.1
2026-03-13 12:09:22,961 [Worker-15: Download sources and javadoc] INFO  o.e.m.c.i.e.AbstractTransferListenerAdapter - Downloading https://repo.maven.apache.org/maven2/org/hibernate/orm/hibernate-hikaricp/6.4.4.Final/hibernate-hikaricp-6.4.4.Final-sources.jar
2026-03-13 12:09:22,971 [Worker-15: Download sources and javadoc] INFO  o.e.m.c.i.e.AbstractTransferListenerAdapter - Downloaded https://repo.maven.apache.org/maven2/org/hibernate/orm/hibernate-hikaricp/6.4.4.Final/hibernate-hikaricp-6.4.4.Final-sources.jar
2026-03-13 12:09:22,986 [Worker-15: Download sources and javadoc] INFO  o.e.m.j.internal.DownloadSourcesJob - Downloaded sources for org.hibernate.orm:hibernate-hikaricp:6.4.4.Final
2026-03-13 12:09:23,692 [Worker-15: Download sources and javadoc] INFO  o.e.m.c.i.e.AbstractTransferListenerAdapter - Downloading https://repo.maven.apache.org/maven2/com/zaxxer/HikariCP/3.2.0/HikariCP-3.2.0-sources.jar
2026-03-13 12:09:23,801 [Worker-15: Download sources and javadoc] INFO  o.e.m.c.i.e.AbstractTransferListenerAdapter - Downloaded https://repo.maven.apache.org/maven2/com/zaxxer/HikariCP/3.2.0/HikariCP-3.2.0-sources.jar
2026-03-13 12:09:23,954 [Worker-15: Download sources and javadoc] INFO  o.e.m.j.internal.DownloadSourcesJob - Downloaded sources for com.zaxxer:HikariCP:3.2.0
2026-03-13 12:09:24,846 [Worker-15: Download sources and javadoc] INFO  o.e.m.c.i.e.AbstractTransferListenerAdapter - Downloading https://repo.maven.apache.org/maven2/org/slf4j/slf4j-simple/2.0.13/slf4j-simple-2.0.13-sources.jar
2026-03-13 12:09:24,858 [Worker-15: Download sources and javadoc] INFO  o.e.m.c.i.e.AbstractTransferListenerAdapter - Downloaded https://repo.maven.apache.org/maven2/org/slf4j/slf4j-simple/2.0.13/slf4j-simple-2.0.13-sources.jar
2026-03-13 12:09:24,863 [Worker-15: Download sources and javadoc] INFO  o.e.m.j.internal.DownloadSourcesJob - Downloaded sources for org.slf4j:slf4j-simple:2.0.13
2026-03-13 12:09:25,021 [Worker-15: Download sources and javadoc] INFO  o.e.m.c.i.e.AbstractTransferListenerAdapter - Downloading https://repo.maven.apache.org/maven2/org/slf4j/slf4j-api/2.0.13/slf4j-api-2.0.13-sources.jar
2026-03-13 12:09:25,048 [Worker-15: Download sources and javadoc] INFO  o.e.m.c.i.e.AbstractTransferListenerAdapter - Downloaded https://repo.maven.apache.org/maven2/org/slf4j/slf4j-api/2.0.13/slf4j-api-2.0.13-sources.jar
2026-03-13 12:09:25,051 [Worker-15: Download sources and javadoc] INFO  o.e.m.j.internal.DownloadSourcesJob - Downloaded sources for org.slf4j:slf4j-api:2.0.13
2026-03-13 12:09:27,392 [Worker-2: Updating Maven Project] INFO  o.e.m.j.i.AbstractJavaProjectConfigurator - Adding source folder /exam/src/main/java
2026-03-13 12:09:27,441 [Worker-2: Updating Maven Project] INFO  o.e.m.j.i.AbstractJavaProjectConfigurator - Adding resource folder /exam/src/main/resources
2026-03-13 12:09:27,573 [Worker-2: Updating Maven Project] INFO  o.e.m.j.i.AbstractJavaProjectConfigurator - Adding source folder /exam/src/test/java
2026-03-13 12:09:27,576 [Worker-2: Updating Maven Project] INFO  o.e.m.j.i.AbstractJavaProjectConfigurator - Adding resource folder /exam/src/test/resources
2026-03-13 12:09:28,004 [Worker-2: Updating Maven Project] INFO  o.e.m.c.i.p.ProjectConfigurationManager - Update completed for 1 poms: local refresh takes 0.00 sec, refresh facades takes 5.00 sec, update config takes 1.00 sec 
2026-03-13 12:09:29,432 [Worker-4: Building] INFO  o.a.m.s.f.DefaultMavenResourcesFiltering - Copying 1 resource from src/main/resources to target/classes
2026-03-13 12:09:29,446 [Worker-4: Building] INFO  o.a.m.s.f.DefaultMavenResourcesFiltering - skip non existing resourceDirectory /Users/akhilbulusu/Documents/KLU/2025-2026/EVEN SEM/FSAD Main/Excercises/Vijay/exam/src/test/resources
